\BOOKMARK [1][-]{section.1}{Celda Sallen-Key}{}% 1
\BOOKMARK [2][-]{subsection.1.1}{Celda 2do Orden Sallen-Key: An\341lisis ideal}{section.1}% 2
\BOOKMARK [3][-]{subsubsection.1.1.1}{Funci\363n transferencia y par\341metros}{subsection.1.1}% 3
\BOOKMARK [3][-]{subsubsection.1.1.2}{Sensibilidades}{subsection.1.1}% 4
\BOOKMARK [3][-]{subsubsection.1.1.3}{M\351todos de ajuste}{subsection.1.1}% 5
\BOOKMARK [3][-]{subsubsection.1.1.4}{Impedancia de entrada}{subsection.1.1}% 6
\BOOKMARK [3][-]{subsubsection.1.1.5}{Impedancia de salida}{subsection.1.1}% 7
\BOOKMARK [2][-]{subsection.1.2}{Celda 2do Orden Sallen-Key: An\341lisis real}{section.1}% 8
\BOOKMARK [3][-]{subsubsection.1.2.1}{Funci\363n transferencia y par\341metros}{subsection.1.2}% 9
\BOOKMARK [3][-]{subsubsection.1.2.2}{Sensibilidades}{subsection.1.2}% 10
\BOOKMARK [3][-]{subsubsection.1.2.3}{Impedancia de entrada}{subsection.1.2}% 11
\BOOKMARK [3][-]{subsubsection.1.2.4}{Impedancia de salida}{subsection.1.2}% 12
\BOOKMARK [3][-]{subsubsection.1.2.5}{Restricciones reales sobre impedancias}{subsection.1.2}% 13
\BOOKMARK [3][-]{subsubsection.1.2.6}{Rango din\341mico}{subsection.1.2}% 14
\BOOKMARK [2][-]{subsection.1.3}{Celda 1er Orden pasabajos: An\341lisis ideal}{section.1}% 15
\BOOKMARK [3][-]{subsubsection.1.3.1}{Funci\363n transferencia}{subsection.1.3}% 16
\BOOKMARK [3][-]{subsubsection.1.3.2}{Impedancia de entrada}{subsection.1.3}% 17
\BOOKMARK [2][-]{subsection.1.4}{Dise\361o de un filtro con Legendre}{section.1}% 18
\BOOKMARK [3][-]{subsubsection.1.4.1}{Especificaciones y funci\363n aproximaci\363n}{subsection.1.4}% 19
\BOOKMARK [3][-]{subsubsection.1.4.2}{Dise\361o de etapas}{subsection.1.4}% 20
\BOOKMARK [3][-]{subsubsection.1.4.3}{Rango din\341mico}{subsection.1.4}% 21
\BOOKMARK [3][-]{subsubsection.1.4.4}{Simulaci\363n y verificaci\363n}{subsection.1.4}% 22
\BOOKMARK [3][-]{subsubsection.1.4.5}{Resultados pr\341cticos}{subsection.1.4}% 23
\BOOKMARK [2][-]{subsection.1.5}{Dise\361o de un filtro con Bessel}{section.1}% 24
\BOOKMARK [3][-]{subsubsection.1.5.1}{Especificaciones y funci\363n aproximaci\363n}{subsection.1.5}% 25
\BOOKMARK [3][-]{subsubsection.1.5.2}{Dise\361o de etapas}{subsection.1.5}% 26
\BOOKMARK [3][-]{subsubsection.1.5.3}{Rango din\341mico}{subsection.1.5}% 27
\BOOKMARK [3][-]{subsubsection.1.5.4}{Simulaci\363n y verificaci\363n}{subsection.1.5}% 28
\BOOKMARK [3][-]{subsubsection.1.5.5}{Resultados pr\341cticos}{subsection.1.5}% 29
\BOOKMARK [2][-]{subsection.1.6}{Dise\361o de PCB}{section.1}% 30
\BOOKMARK [2][-]{subsection.1.7}{Conclusiones}{section.1}% 31
\BOOKMARK [1][-]{section.2}{Celda Rauch \(Deliyannis - Friend modificada\)}{}% 32
\BOOKMARK [2][-]{subsection.2.1}{Celda a utilizar y justificaci\363n}{section.2}% 33
\BOOKMARK [2][-]{subsection.2.2}{Celda Rauch pasabanda: An\341lsis ideal}{section.2}% 34
\BOOKMARK [3][-]{subsubsection.2.2.1}{Tranferencia y caracter\355sticas}{subsection.2.2}% 35
\BOOKMARK [3][-]{subsubsection.2.2.2}{Caracter\355sticas de dise\361o}{subsection.2.2}% 36
\BOOKMARK [3][-]{subsubsection.2.2.3}{Impedancia de entrada}{subsection.2.2}% 37
\BOOKMARK [3][-]{subsubsection.2.2.4}{Impedancia de salida}{subsection.2.2}% 38
\BOOKMARK [3][-]{subsubsection.2.2.5}{Sensibilidades}{subsection.2.2}% 39
\BOOKMARK [2][-]{subsection.2.3}{Celda Rauch pasabanda: An\341lsis real}{section.2}% 40
\BOOKMARK [3][-]{subsubsection.2.3.1}{Tranferencia y caracter\355sticas}{subsection.2.3}% 41
\BOOKMARK [3][-]{subsubsection.2.3.2}{Impedancia de entrada}{subsection.2.3}% 42
\BOOKMARK [2][-]{subsection.2.4}{Dise\361o del filtro con Chebyshev}{section.2}% 43
\BOOKMARK [3][-]{subsubsection.2.4.1}{Plantilla y transferencia}{subsection.2.4}% 44
\BOOKMARK [3][-]{subsubsection.2.4.2}{1 etapa}{subsection.2.4}% 45
\BOOKMARK [3][-]{subsubsection.2.4.3}{2 etapa}{subsection.2.4}% 46
\BOOKMARK [3][-]{subsubsection.2.4.4}{Simulaciones en cascada}{subsection.2.4}% 47
\BOOKMARK [3][-]{subsubsection.2.4.5}{Mediciones y comparaciones}{subsection.2.4}% 48
\BOOKMARK [3][-]{subsubsection.2.4.6}{Rango din\341mico}{subsection.2.4}% 49
\BOOKMARK [2][-]{subsection.