Removed Pin From Net: NetName=VOUT Pin=J?-1
Added Pin To Net: NetName=NetC2_2 Pin=J?-1
Added Pin To Net: NetName=VOUT Pin=R?-1
Added Pin To Net: NetName=VOUT Pin=R?-2
Change Net Name : Old Net Name=NetC2_2 New Net Name=VOUT
Change Net Name : Old Net Name=VOUT New Net Name=NetR?_1
Added Member To Class: ClassName=RAUCH_SCH Member=Component C? 100n
Added Member To Class: ClassName=RAUCH_SCH Member=Component C? 100n
Added Member To Class: ClassName=RAUCH_SCH Member=Component C? 100n
Added Member To Class: ClassName=RAUCH_SCH Member=Component J? JUMPER
Added Member To Class: ClassName=RAUCH_SCH Member=Component J? BORNERA 2
Added Member To Class: ClassName=RAUCH_SCH Member=Component J? POWER
Added Member To Class: ClassName=RAUCH_SCH Member=Component R? 560K
Added Member To Class: ClassName=RAUCH_SCH Member=Component R? 390
Added Member To Class: ClassName=RAUCH_SCH Member=Component R? 390
Added Member To Class: ClassName=RAUCH_SCH Member=Component R? 4K7
Added Member To Class: ClassName=RAUCH_SCH Member=Component R? 68K
Added Member To Class: ClassName=RAUCH_SCH Member=Component R? 680
Added Member To Class: ClassName=RAUCH_SCH Member=Component R? 220k
Added Member To Class: ClassName=RAUCH_SCH Member=Component R? 39K
Added Member To Class: ClassName=RAUCH_SCH Member=Component R? 1k
