Change Component Designator: OldDesignator=C? NewDesignator=C30
Change Component Designator: OldDesignator=C? NewDesignator=C31
Change Component Designator: OldDesignator=C? NewDesignator=C32
Change Component Designator: OldDesignator=C? NewDesignator=C33
Change Component Designator: OldDesignator=J? NewDesignator=J1
Change Component Designator: OldDesignator=J? NewDesignator=J2
Change Component Designator: OldDesignator=J? NewDesignator=J3
Change Component Designator: OldDesignator=J? NewDesignator=J4
Change Component Designator: OldDesignator=R? NewDesignator=R89
Change Component Designator: OldDesignator=R? NewDesignator=R90
Change Component Designator: OldDesignator=R? NewDesignator=R91
Change Component Designator: OldDesignator=R? NewDesignator=R100
Change Component Designator: OldDesignator=R? NewDesignator=R101
Change Component Designator: OldDesignator=R? NewDesignator=R102
Change Net Name : Old Net Name=NetJ?_2 New Net Name=NetJ4_2
Change Net Name : Old Net Name=NetR?_1 New Net Name=NetR90_1
Change Net Name : Old Net Name=NetR?_1 New Net Name=NetR100_1
Change Net Name : Old Net Name=NetR?_2 New Net Name=NetR89_2
Added Pin To Net: NetName=NetR89_1 Pin=R89-1
Added Pin To Net: NetName=NetR89_1 Pin=R90-2
Added Net: Name=NetR89_1
Added Member To Class: ClassName=RAUCH_SCH Member=Component C30 100n
Added Member To Class: ClassName=RAUCH_SCH Member=Component C31 100n
Added Member To Class: ClassName=RAUCH_SCH Member=Component C32 100n
Added Member To Class: ClassName=RAUCH_SCH Member=Component J1 POWER
Added Member To Class: ClassName=RAUCH_SCH Member=Component J2 BORNERA 2
Added Member To Class: ClassName=RAUCH_SCH Member=Component J3 BORNERA 2
Added Member To Class: ClassName=RAUCH_SCH Member=Component R89 1k
Added Member To Class: ClassName=RAUCH_SCH Member=Component R90 390
Added Member To Class: ClassName=RAUCH_SCH Member=Component R91 150
Added Member To Class: ClassName=RAUCH_SCH Member=Component R100 680
Added Member To Class: ClassName=RAUCH_SCH Member=Component R101 4K7
Added Member To Class: ClassName=RAUCH_SCH Member=Component R102 68K
Added Member To Class: ClassName=RAUCH_SCH Member=Component R? 39K
Added Member To Class: ClassName=RAUCH_SCH Member=Component R? 220k
Added Member To Class: ClassName=RAUCH_SCH Member=Component R? 560K
